[Mon Apr 21 17:26:08 2014] install: bbding
[Mon Apr 21 17:26:11 2014] install: cabin
[Mon Apr 21 17:26:11 2014] install: changepage
[Mon Apr 21 17:26:11 2014] install: cmap
[Mon Apr 21 17:26:13 2014] install: ec
[Mon Apr 21 17:26:13 2014] install: etoolbox
[Mon Apr 21 17:26:13 2014] install: fancybox
[Mon Apr 21 17:26:13 2014] install: fancyvrb
[Mon Apr 21 17:26:14 2014] install: fontaxes
[Mon Apr 21 17:26:14 2014] install: framed
[Mon Apr 21 17:26:15 2014] install: helvetic
[Mon Apr 21 17:26:16 2014] install: inconsolata
[Mon Apr 21 17:26:16 2014] install: l3kernel
[Mon Apr 21 17:26:17 2014] install: l3packages
[Mon Apr 21 17:26:17 2014] install: mdframed
[Mon Apr 21 17:26:18 2014] install: mdwtools
[Mon Apr 21 17:26:18 2014] install: microtype
[Mon Apr 21 17:26:18 2014] install: ms
[Mon Apr 21 17:26:19 2014] install: multirow
[Mon Apr 21 17:26:19 2014] install: mweights
[Mon Apr 21 17:26:19 2014] install: needspace
[Mon Apr 21 17:26:19 2014] install: parskip
[Mon Apr 21 17:26:21 2014] install: pgf
[Mon Apr 21 17:26:22 2014] install: threeparttable
[Mon Apr 21 17:26:23 2014] install: times
[Mon Apr 21 17:26:23 2014] install: titlesec
[Mon Apr 21 17:26:23 2014] install: upquote
[Mon Apr 21 17:26:23 2014] install: wrapfig
[Mon Apr 21 17:26:24 2014] install: xcolor
[Mon Apr 21 17:26:24 2014] install: xkeyval
